<?xml version="1.0" encoding="UTF-8"?>
<testsuite name="edu.drexel.se320.MockTests" tests="1" skipped="0" failures="0" errors="0" timestamp="2024-11-12T18:43:58" hostname="DESKTOP-NEGDAQR" time="0.654">
  <properties/>
  <testcase name="testServerConnectionFailureGivesNull()" classname="edu.drexel.se320.MockTests" time="0.654"/>
  <system-out><![CDATA[]]></system-out>
  <system-err><![CDATA[]]></system-err>
</testsuite>
